<?xml version="1.0" encoding="UTF-8"?>
<testsuite name="com.aor.numbers.DivisibleByFilterTest" tests="2" skipped="0" failures="0" errors="0" timestamp="2022-10-23T14:21:02" hostname="LAPTOP-PJVTEKR1" time="0.038">
  <properties/>
  <testcase name="test1()" classname="com.aor.numbers.DivisibleByFilterTest" time="0.036"/>
  <testcase name="test2()" classname="com.aor.numbers.DivisibleByFilterTest" time="0.001"/>
  <system-out><![CDATA[]]></system-out>
  <system-err><![CDATA[]]></system-err>
</testsuite>
