<?xml version="1.0" encoding="UTF-8"?>
<testsuite name="com.aor.numbers.PositiveFilterTest" tests="3" skipped="0" failures="0" errors="0" timestamp="2022-10-23T14:21:03" hostname="LAPTOP-PJVTEKR1" time="0.005">
  <properties/>
  <testcase name="test1()" classname="com.aor.numbers.PositiveFilterTest" time="0.003"/>
  <testcase name="test2()" classname="com.aor.numbers.PositiveFilterTest" time="0.0"/>
  <testcase name="test3()" classname="com.aor.numbers.PositiveFilterTest" time="0.0"/>
  <system-out><![CDATA[]]></system-out>
  <system-err><![CDATA[]]></system-err>
</testsuite>
