<?xml version="1.0" encoding="UTF-8"?>
<testsuite name="com.aor.numbers.ListSorterTest" tests="2" skipped="0" failures="0" errors="0" timestamp="2022-10-23T14:21:03" hostname="LAPTOP-PJVTEKR1" time="0.007">
  <properties/>
  <testcase name="sort_bug_5()" classname="com.aor.numbers.ListSorterTest" time="0.004"/>
  <testcase name="sort()" classname="com.aor.numbers.ListSorterTest" time="0.001"/>
  <system-out><![CDATA[]]></system-out>
  <system-err><![CDATA[]]></system-err>
</testsuite>
