<?xml version="1.0" encoding="UTF-8"?>
<testsuite name="com.aor.numbers.ListFiltererTest" tests="2" skipped="0" failures="0" errors="0" timestamp="2022-10-23T14:21:03" hostname="LAPTOP-PJVTEKR1" time="0.023">
  <properties/>
  <testcase name="filterTest1()" classname="com.aor.numbers.ListFiltererTest" time="0.018"/>
  <testcase name="filterTest2()" classname="com.aor.numbers.ListFiltererTest" time="0.004"/>
  <system-out><![CDATA[]]></system-out>
  <system-err><![CDATA[]]></system-err>
</testsuite>
